<?xml version="1.0" encoding="UTF-8"?>
<testng-results ignored="0" total="1" passed="1" failed="0" skipped="0">
  <reporter-output>
  </reporter-output>
  <suite started-at="2020-05-02T13:22:44 IST" name="Default suite" finished-at="2020-05-02T13:22:47 IST" duration-ms="2793">
    <groups>
    </groups>
    <test started-at="2020-05-02T13:22:44 IST" name="Default test" finished-at="2020-05-02T13:22:47 IST" duration-ms="2793">
      <class name="fisdom.booking">
        <test-method signature="testResponseData()[pri:0, instance:fisdom.booking@222114ba]" started-at="2020-05-02T13:22:44 IST" name="testResponseData" finished-at="2020-05-02T13:22:47 IST" duration-ms="2752" status="PASS">
          <reporter-output>
          </reporter-output>
        </test-method> <!-- testResponseData -->
      </class> <!-- fisdom.booking -->
    </test> <!-- Default test -->
  </suite> <!-- Default suite -->
</testng-results>
